2023.05.18 15:31:50 INFO  Started: Metals version 0.11.12 in workspace 'C:\Users\santiago.ospina\Documents\courses\youtube\santi-app' for client Visual Studio Code 1.78.2.
may. 18, 2023 3:31:50 P. M. org.flywaydb.core.internal.license.VersionPrinter printVersionOnly
INFO: Flyway Community Edition 9.16.3 by Redgate
may. 18, 2023 3:31:50 P. M. org.flywaydb.core.internal.license.VersionPrinter printVersion
INFO: See release notes here: https://rd.gt/416ObMi
may. 18, 2023 3:31:50 P. M. org.flywaydb.core.internal.license.VersionPrinter printVersion
INFO: 
may. 18, 2023 3:31:50 P. M. org.flywaydb.core.internal.database.base.BaseDatabaseType createDatabase
INFO: Database: jdbc:h2:file:C:\Users\santiago.ospina\Documents\courses\youtube\santi-app\.metals\metals (H2 2.1)
may. 18, 2023 3:31:50 P. M. org.flywaydb.core.internal.schemahistory.JdbcTableSchemaHistory allAppliedMigrations
INFO: Schema history table "PUBLIC"."flyway_schema_history" does not exist yet
may. 18, 2023 3:31:50 P. M. org.flywaydb.core.internal.command.DbValidate validate
INFO: Successfully validated 4 migrations (execution time 00:00.031s)
may. 18, 2023 3:31:50 P. M. org.flywaydb.core.internal.schemahistory.JdbcTableSchemaHistory create
INFO: Creating Schema History table "PUBLIC"."flyway_schema_history" ...
may. 18, 2023 3:31:51 P. M. org.flywaydb.core.internal.command.DbMigrate migrateGroup
INFO: Current version of schema "PUBLIC": << Empty Schema >>
may. 18, 2023 3:31:51 P. M. org.flywaydb.core.internal.command.DbMigrate doMigrateGroup
INFO: Migrating schema "PUBLIC" to version "1 - Create tables"
may. 18, 2023 3:31:51 P. M. org.flywaydb.core.internal.command.DbMigrate doMigrateGroup
INFO: Migrating schema "PUBLIC" to version "2 - Server discovery"
may. 18, 2023 3:31:51 P. M. org.flywaydb.core.internal.command.DbMigrate doMigrateGroup
INFO: Migrating schema "PUBLIC" to version "3 - Jar symbols"
may. 18, 2023 3:31:51 P. M. org.flywaydb.core.internal.command.DbMigrate doMigrateGroup
INFO: Migrating schema "PUBLIC" to version "4 - Fingerprints"
may. 18, 2023 3:31:51 P. M. org.flywaydb.core.internal.command.DbMigrate logSummary
INFO: Successfully applied 4 migrations to schema "PUBLIC", now at version v4 (execution time 00:00.082s)
2023.05.18 15:31:51 INFO  time: initialize in 0.93s
2023.05.18 15:31:53 WARN  Build server is not auto-connectable.
2023.05.18 15:31:53 WARN  no build tool detected in workspace 'C:\Users\santiago.ospina\Documents\courses\youtube\santi-app'. The most common cause for this problem is that the editor was opened in the wrong working directory, for example if you use sbt then the workspace directory should contain build.sbt. 
2023.05.19 00:27:42 INFO  Shutting down server
2023.05.19 00:27:42 INFO  shutting down Metals
2023.05.19 00:27:42 INFO  Exiting server
